<?xml version="1.0" encoding="UTF-8"?>
<testsuite name="BookCatalogTest" tests="5" skipped="0" failures="0" errors="0" timestamp="2025-11-21T10:01:59.147Z" hostname="DESKTOP-GB5S4I3" time="0.052">
  <properties/>
  <testcase name="testAddABook()" classname="BookCatalogTest" time="0.04"/>
  <testcase name="testFindBook()" classname="BookCatalogTest" time="0.006"/>
  <testcase name="testFindBookIgnoringCase()" classname="BookCatalogTest" time="0.001"/>
  <testcase name="testFindBookWithExtraSpaces()" classname="BookCatalogTest" time="0.001"/>
  <testcase name="testFindBookThatDoesntExist()" classname="BookCatalogTest" time="0.001"/>
  <system-out><![CDATA[]]></system-out>
  <system-err><![CDATA[]]></system-err>
</testsuite>
